# JRE version: OpenJDK Runtime Environment (8.0_242-b01) (build 1.8.0_242-release-1644-b01)
# Java VM: OpenJDK 64-Bit Server VM (25.242-b01 mixed mode windows-amd64 compressed oops)
Heap:
 PSYoungGen      total 292864K, used 166227K [0x00000000d5580000, 0x00000000ec180000, 0x0000000100000000)
  eden space 247808K, 67% used [0x00000000d5580000,0x00000000df7d4fb8,0x00000000e4780000)
  from space 45056K, 0% used [0x00000000e4780000,0x00000000e4780000,0x00000000e7380000)
  to   space 46592K, 0% used [0x00000000e9400000,0x00000000e9400000,0x00000000ec180000)
 ParOldGen       total 218112K, used 96138K [0x0000000080000000, 0x000000008d500000, 0x00000000d5580000)
  object space 218112K, 44% used [0x0000000080000000,0x0000000085de2828,0x000000008d500000)
 Metaspace       used 91411K, capacity 96022K, committed 98840K, reserved 1134592K
  class space    used 12196K, capacity 13127K, committed 13864K, reserved 1048576K
GC Heap History (10 events):
Event: 15.638 GC heap before
{Heap before GC invocations=23 (full 3):
 PSYoungGen      total 217088K, used 207501K [0x00000000d5580000, 0x00000000e7100000, 0x0000000100000000)
  eden space 183296K, 100% used [0x00000000d5580000,0x00000000e0880000,0x00000000e0880000)
  from space 33792K, 71% used [0x00000000e0880000,0x00000000e2023700,0x00000000e2980000)
  to   space 35328K, 0% used [0x00000000e4e80000,0x00000000e4e80000,0x00000000e7100000)
 ParOldGen       total 122368K, used 81615K [0x0000000080000000, 0x0000000087780000, 0x00000000d5580000)
  object space 122368K, 66% used [0x0000000080000000,0x0000000084fb3fb0,0x0000000087780000)
 Metaspace       used 73484K, capacity 77260K, committed 77464K, reserved 1116160K
  class space    used 10053K, capacity 10814K, committed 10920K, reserved 1048576K
Event: 15.664 GC heap after
Heap after GC invocations=23 (full 3):
 PSYoungGen      total 250368K, used 33421K [0x00000000d5580000, 0x00000000e7780000, 0x0000000100000000)
  eden space 215040K, 0% used [0x00000000d5580000,0x00000000d5580000,0x00000000e2780000)
  from space 35328K, 94% used [0x00000000e4e80000,0x00000000e6f23668,0x00000000e7100000)
  to   space 39936K, 0% used [0x00000000e2780000,0x00000000e2780000,0x00000000e4e80000)
 ParOldGen       total 122368K, used 85623K [0x0000000080000000, 0x0000000087780000, 0x00000000d5580000)
  object space 122368K, 69% used [0x0000000080000000,0x000000008539de50,0x0000000087780000)
 Metaspace       used 73484K, capacity 77260K, committed 77464K, reserved 1116160K
  class space    used 10053K, capacity 10814K, committed 10920K, reserved 1048576K
}
Event: 17.024 GC heap before
{Heap before GC invocations=24 (full 3):
 PSYoungGen      total 250368K, used 248461K [0x00000000d5580000, 0x00000000e7780000, 0x0000000100000000)
  eden space 215040K, 100% used [0x00000000d5580000,0x00000000e2780000,0x00000000e2780000)
  from space 35328K, 94% used [0x00000000e4e80000,0x00000000e6f23668,0x00000000e7100000)
  to   space 39936K, 0% used [0x00000000e2780000,0x00000000e2780000,0x00000000e4e80000)
 ParOldGen       total 122368K, used 85623K [0x0000000080000000, 0x0000000087780000, 0x00000000d5580000)
  object space 122368K, 69% used [0x0000000080000000,0x000000008539de50,0x0000000087780000)
 Metaspace       used 82113K, capacity 87522K, committed 87576K, reserved 1124352K
  class space    used 11437K, capacity 12545K, committed 12584K, reserved 1048576K
Event: 17.054 GC heap after
Heap after GC invocations=24 (full 3):
 PSYoungGen      total 254976K, used 36764K [0x00000000d5580000, 0x00000000ea380000, 0x0000000100000000)
  eden space 215040K, 0% used [0x00000000d5580000,0x00000000d5580000,0x00000000e2780000)
  from space 39936K, 92% used [0x00000000e2780000,0x00000000e4b67260,0x00000000e4e80000)
  to   space 45056K, 0% used [0x00000000e7780000,0x00000000e7780000,0x00000000ea380000)
 ParOldGen       total 122368K, used 85631K [0x0000000080000000, 0x0000000087780000, 0x00000000d5580000)
  object space 122368K, 69% used [0x0000000080000000,0x000000008539fe50,0x0000000087780000)
 Metaspace       used 82113K, capacity 87522K, committed 87576K, reserved 1124352K
  class space    used 11437K, capacity 12545K, committed 12584K, reserved 1048576K
}
Event: 19.536 GC heap before
{Heap before GC invocations=25 (full 3):
 PSYoungGen      total 254976K, used 251804K [0x00000000d5580000, 0x00000000ea380000, 0x0000000100000000)
  eden space 215040K, 100% used [0x00000000d5580000,0x00000000e2780000,0x00000000e2780000)
  from space 39936K, 92% used [0x00000000e2780000,0x00000000e4b67260,0x00000000e4e80000)
  to   space 45056K, 0% used [0x00000000e7780000,0x00000000e7780000,0x00000000ea380000)
 ParOldGen       total 122368K, used 85631K [0x0000000080000000, 0x0000000087780000, 0x00000000d5580000)
  object space 122368K, 69% used [0x0000000080000000,0x000000008539fe50,0x0000000087780000)
 Metaspace       used 84330K, capacity 89964K, committed 90136K, reserved 1126400K
  class space    used 11642K, capacity 12786K, committed 12840K, reserved 1048576K
Event: 19.559 GC heap after
Heap after GC invocations=25 (full 3):
 PSYoungGen      total 288768K, used 25841K [0x00000000d5580000, 0x00000000e9f80000, 0x0000000100000000)
  eden space 247808K, 0% used [0x00000000d5580000,0x00000000d5580000,0x00000000e4780000)
  from space 40960K, 63% used [0x00000000e7780000,0x00000000e90bc750,0x00000000e9f80000)
  to   space 45056K, 0% used [0x00000000e4780000,0x00000000e4780000,0x00000000e7380000)
 ParOldGen       total 122368K, used 85639K [0x0000000080000000, 0x0000000087780000, 0x00000000d5580000)
  object space 122368K, 69% used [0x0000000080000000,0x00000000853a1e50,0x0000000087780000)
 Metaspace       used 84330K, capacity 89964K, committed 90136K, reserved 1126400K
  class space    used 11642K, capacity 12786K, committed 12840K, reserved 1048576K
}
Event: 76.903 GC heap before
{Heap before GC invocations=26 (full 3):
 PSYoungGen      total 288768K, used 189104K [0x00000000d5580000, 0x00000000e9f80000, 0x0000000100000000)
  eden space 247808K, 65% used [0x00000000d5580000,0x00000000df4efbb8,0x00000000e4780000)
  from space 40960K, 63% used [0x00000000e7780000,0x00000000e90bc750,0x00000000e9f80000)
  to   space 45056K, 0% used [0x00000000e4780000,0x00000000e4780000,0x00000000e7380000)
 ParOldGen       total 122368K, used 85639K [0x0000000080000000, 0x0000000087780000, 0x00000000d5580000)
  object space 122368K, 69% used [0x0000000080000000,0x00000000853a1e50,0x0000000087780000)
 Metaspace       used 92181K, capacity 98472K, committed 98584K, reserved 1134592K
  class space    used 12591K, capacity 13834K, committed 13864K, reserved 1048576K
Event: 76.928 GC heap after
Heap after GC invocations=26 (full 3):
 PSYoungGen      total 292864K, used 30172K [0x00000000d5580000, 0x00000000ec180000, 0x0000000100000000)
  eden space 247808K, 0% used [0x00000000d5580000,0x00000000d5580000,0x00000000e4780000)
  from space 45056K, 66% used [0x00000000e4780000,0x00000000e64f70e0,0x00000000e7380000)
  to   space 46592K, 0% used [0x00000000e9400000,0x00000000e9400000,0x00000000ec180000)
 ParOldGen       total 122368K, used 85647K [0x0000000080000000, 0x0000000087780000, 0x00000000d5580000)
  object space 122368K, 69% used [0x0000000080000000,0x00000000853a3e50,0x0000000087780000)
 Metaspace       used 92181K, capacity 98472K, committed 98584K, reserved 1134592K
  class space    used 12591K, capacity 13834K, committed 13864K, reserved 1048576K
}
Event: 76.928 GC heap before
{Heap before GC invocations=27 (full 4):
 PSYoungGen      total 292864K, used 30172K [0x00000000d5580000, 0x00000000ec180000, 0x0000000100000000)
  eden space 247808K, 0% used [0x00000000d5580000,0x00000000d5580000,0x00000000e4780000)
  from space 45056K, 66% used [0x00000000e4780000,0x00000000e64f70e0,0x00000000e7380000)
  to   space 46592K, 0% used [0x00000000e9400000,0x00000000e9400000,0x00000000ec180000)
 ParOldGen       total 122368K, used 85647K [0x0000000080000000, 0x0000000087780000, 0x00000000d5580000)
  object space 122368K, 69% used [0x0000000080000000,0x00000000853a3e50,0x0000000087780000)
 Metaspace       used 92181K, capacity 98472K, committed 98584K, reserved 1134592K
  class space    used 12591K, capacity 13834K, committed 13864K, reserved 1048576K
Event: 77.143 GC heap after
Heap after GC invocations=27 (full 4):
 PSYoungGen      total 292864K, used 0K [0x00000000d5580000, 0x00000000ec180000, 0x0000000100000000)
  eden space 247808K, 0% used [0x00000000d5580000,0x00000000d5580000,0x00000000e4780000)
  from space 45056K, 0% used [0x00000000e4780000,0x00000000e4780000,0x00000000e7380000)
  to   space 46592K, 0% used [0x00000000e9400000,0x00000000e9400000,0x00000000ec180000)
 ParOldGen       total 218112K, used 96138K [0x0000000080000000, 0x000000008d500000, 0x00000000d5580000)
  object space 218112K, 44% used [0x0000000080000000,0x0000000085de2828,0x000000008d500000)
 Metaspace       used 90984K, capacity 95482K, committed 98584K, reserved 1134592K
  class space    used 12171K, capacity 13081K, committed 13864K, reserved 1048576K
}

