# JRE version: OpenJDK Runtime Environment (8.0_242-b01) (build 1.8.0_242-release-1644-b01)
# Java VM: OpenJDK 64-Bit Server VM (25.242-b01 mixed mode windows-amd64 compressed oops)
Heap:
 PSYoungGen      total 278528K, used 30475K [0x00000000d5580000, 0x00000000efd00000, 0x0000000100000000)
  eden space 239616K, 10% used [0x00000000d5580000,0x00000000d6e4b738,0x00000000e3f80000)
  from space 38912K, 13% used [0x00000000e7d00000,0x00000000e81f78a0,0x00000000ea300000)
  to   space 62976K, 0% used [0x00000000e3f80000,0x00000000e3f80000,0x00000000e7d00000)
 ParOldGen       total 119296K, used 119129K [0x0000000080000000, 0x0000000087480000, 0x00000000d5580000)
  object space 119296K, 99% used [0x0000000080000000,0x0000000087456658,0x0000000087480000)
 Metaspace       used 90668K, capacity 94246K, committed 94760K, reserved 1132544K
  class space    used 11738K, capacity 12495K, committed 12584K, reserved 1048576K
GC Heap History (10 events):
Event: 39.483 GC heap before
{Heap before GC invocations=16 (full 3):
 PSYoungGen      total 251392K, used 251374K [0x00000000d5580000, 0x00000000e6f00000, 0x0000000100000000)
  eden space 223744K, 100% used [0x00000000d5580000,0x00000000e3000000,0x00000000e3000000)
  from space 27648K, 99% used [0x00000000e5080000,0x00000000e6b7bbe0,0x00000000e6b80000)
  to   space 32256K, 0% used [0x00000000e3000000,0x00000000e3000000,0x00000000e4f80000)
 ParOldGen       total 119296K, used 39895K [0x0000000080000000, 0x0000000087480000, 0x00000000d5580000)
  object space 119296K, 33% used [0x0000000080000000,0x00000000826f5e28,0x0000000087480000)
 Metaspace       used 73866K, capacity 77146K, committed 77352K, reserved 1116160K
  class space    used 10006K, capacity 10699K, committed 10792K, reserved 1048576K
Event: 39.512 GC heap after
Heap after GC invocations=16 (full 3):
 PSYoungGen      total 256000K, used 32243K [0x00000000d5580000, 0x00000000ea300000, 0x0000000100000000)
  eden space 223744K, 0% used [0x00000000d5580000,0x00000000d5580000,0x00000000e3000000)
  from space 32256K, 99% used [0x00000000e3000000,0x00000000e4f7cf28,0x00000000e4f80000)
  to   space 38912K, 0% used [0x00000000e7d00000,0x00000000e7d00000,0x00000000ea300000)
 ParOldGen       total 119296K, used 45011K [0x0000000080000000, 0x0000000087480000, 0x00000000d5580000)
  object space 119296K, 37% used [0x0000000080000000,0x0000000082bf4f38,0x0000000087480000)
 Metaspace       used 73866K, capacity 77146K, committed 77352K, reserved 1116160K
  class space    used 10006K, capacity 10699K, committed 10792K, reserved 1048576K
}
Event: 58.990 GC heap before
{Heap before GC invocations=17 (full 3):
 PSYoungGen      total 256000K, used 255987K [0x00000000d5580000, 0x00000000ea300000, 0x0000000100000000)
  eden space 223744K, 100% used [0x00000000d5580000,0x00000000e3000000,0x00000000e3000000)
  from space 32256K, 99% used [0x00000000e3000000,0x00000000e4f7cf28,0x00000000e4f80000)
  to   space 38912K, 0% used [0x00000000e7d00000,0x00000000e7d00000,0x00000000ea300000)
 ParOldGen       total 119296K, used 45011K [0x0000000080000000, 0x0000000087480000, 0x00000000d5580000)
  object space 119296K, 37% used [0x0000000080000000,0x0000000082bf4f38,0x0000000087480000)
 Metaspace       used 83062K, capacity 86516K, committed 86952K, reserved 1124352K
  class space    used 11091K, capacity 11827K, committed 11944K, reserved 1048576K
Event: 59.072 GC heap after
Heap after GC invocations=17 (full 3):
 PSYoungGen      total 300544K, used 24765K [0x00000000d5580000, 0x00000000ea400000, 0x0000000100000000)
  eden space 261632K, 0% used [0x00000000d5580000,0x00000000d5580000,0x00000000e5500000)
  from space 38912K, 63% used [0x00000000e7d00000,0x00000000e952f728,0x00000000ea300000)
  to   space 40448K, 0% used [0x00000000e5500000,0x00000000e5500000,0x00000000e7c80000)
 ParOldGen       total 119296K, used 70539K [0x0000000080000000, 0x0000000087480000, 0x00000000d5580000)
  object space 119296K, 59% used [0x0000000080000000,0x00000000844e2fd0,0x0000000087480000)
 Metaspace       used 83062K, capacity 86516K, committed 86952K, reserved 1124352K
  class space    used 11091K, capacity 11827K, committed 11944K, reserved 1048576K
}
Event: 71.284 GC heap before
{Heap before GC invocations=18 (full 3):
 PSYoungGen      total 300544K, used 286397K [0x00000000d5580000, 0x00000000ea400000, 0x0000000100000000)
  eden space 261632K, 100% used [0x00000000d5580000,0x00000000e5500000,0x00000000e5500000)
  from space 38912K, 63% used [0x00000000e7d00000,0x00000000e952f728,0x00000000ea300000)
  to   space 40448K, 0% used [0x00000000e5500000,0x00000000e5500000,0x00000000e7c80000)
 ParOldGen       total 119296K, used 70539K [0x0000000080000000, 0x0000000087480000, 0x00000000d5580000)
  object space 119296K, 59% used [0x0000000080000000,0x00000000844e2fd0,0x0000000087480000)
 Metaspace       used 88733K, capacity 92346K, committed 92712K, reserved 1130496K
  class space    used 11561K, capacity 12303K, committed 12328K, reserved 1048576K
Event: 71.356 GC heap after
Heap after GC invocations=18 (full 3):
 PSYoungGen      total 302080K, used 40424K [0x00000000d5580000, 0x00000000ea400000, 0x0000000100000000)
  eden space 261632K, 0% used [0x00000000d5580000,0x00000000d5580000,0x00000000e5500000)
  from space 40448K, 99% used [0x00000000e5500000,0x00000000e7c7a028,0x00000000e7c80000)
  to   space 38912K, 0% used [0x00000000e7d00000,0x00000000e7d00000,0x00000000ea300000)
 ParOldGen       total 119296K, used 70963K [0x0000000080000000, 0x0000000087480000, 0x00000000d5580000)
  object space 119296K, 59% used [0x0000000080000000,0x000000008454cf50,0x0000000087480000)
 Metaspace       used 88733K, capacity 92346K, committed 92712K, reserved 1130496K
  class space    used 11561K, capacity 12303K, committed 12328K, reserved 1048576K
}
Event: 78.889 GC heap before
{Heap before GC invocations=19 (full 3):
 PSYoungGen      total 302080K, used 302056K [0x00000000d5580000, 0x00000000ea400000, 0x0000000100000000)
  eden space 261632K, 100% used [0x00000000d5580000,0x00000000e5500000,0x00000000e5500000)
  from space 40448K, 99% used [0x00000000e5500000,0x00000000e7c7a028,0x00000000e7c80000)
  to   space 38912K, 0% used [0x00000000e7d00000,0x00000000e7d00000,0x00000000ea300000)
 ParOldGen       total 119296K, used 70963K [0x0000000080000000, 0x0000000087480000, 0x00000000d5580000)
  object space 119296K, 59% used [0x0000000080000000,0x000000008454cf50,0x0000000087480000)
 Metaspace       used 90739K, capacity 94460K, committed 94760K, reserved 1132544K
  class space    used 11761K, capacity 12536K, committed 12584K, reserved 1048576K
Event: 78.934 GC heap after
Heap after GC invocations=19 (full 3):
 PSYoungGen      total 278528K, used 38887K [0x00000000d5580000, 0x00000000efd00000, 0x0000000100000000)
  eden space 239616K, 0% used [0x00000000d5580000,0x00000000d5580000,0x00000000e3f80000)
  from space 38912K, 99% used [0x00000000e7d00000,0x00000000ea2f9e40,0x00000000ea300000)
  to   space 62976K, 0% used [0x00000000e3f80000,0x00000000e3f80000,0x00000000e7d00000)
 ParOldGen       total 119296K, used 102243K [0x0000000080000000, 0x0000000087480000, 0x00000000d5580000)
  object space 119296K, 85% used [0x0000000080000000,0x00000000863d8ee0,0x0000000087480000)
 Metaspace       used 90739K, capacity 94460K, committed 94760K, reserved 1132544K
  class space    used 11761K, capacity 12536K, committed 12584K, reserved 1048576K
}
Event: 78.934 GC heap before
{Heap before GC invocations=20 (full 4):
 PSYoungGen      total 278528K, used 38887K [0x00000000d5580000, 0x00000000efd00000, 0x0000000100000000)
  eden space 239616K, 0% used [0x00000000d5580000,0x00000000d5580000,0x00000000e3f80000)
  from space 38912K, 99% used [0x00000000e7d00000,0x00000000ea2f9e40,0x00000000ea300000)
  to   space 62976K, 0% used [0x00000000e3f80000,0x00000000e3f80000,0x00000000e7d00000)
 ParOldGen       total 119296K, used 102243K [0x0000000080000000, 0x0000000087480000, 0x00000000d5580000)
  object space 119296K, 85% used [0x0000000080000000,0x00000000863d8ee0,0x0000000087480000)
 Metaspace       used 90739K, capacity 94460K, committed 94760K, reserved 1132544K
  class space    used 11761K, capacity 12536K, committed 12584K, reserved 1048576K
Event: 80.639 GC heap after
Heap after GC invocations=20 (full 4):
 PSYoungGen      total 278528K, used 5086K [0x00000000d5580000, 0x00000000efd00000, 0x0000000100000000)
  eden space 239616K, 0% used [0x00000000d5580000,0x00000000d5580000,0x00000000e3f80000)
  from space 38912K, 13% used [0x00000000e7d00000,0x00000000e81f78a0,0x00000000ea300000)
  to   space 62976K, 0% used [0x00000000e3f80000,0x00000000e3f80000,0x00000000e7d00000)
 ParOldGen       total 119296K, used 119129K [0x0000000080000000, 0x0000000087480000, 0x00000000d5580000)
  object space 119296K, 99% used [0x0000000080000000,0x0000000087456658,0x0000000087480000)
 Metaspace       used 90668K, capacity 94246K, committed 94760K, reserved 1132544K
  class space    used 11738K, capacity 12495K, committed 12584K, reserved 1048576K
}

