# JRE version: OpenJDK Runtime Environment (8.0_242-b01) (build 1.8.0_242-release-1644-b01)
# Java VM: OpenJDK 64-Bit Server VM (25.242-b01 mixed mode windows-amd64 compressed oops)
Heap:
 PSYoungGen      total 156672K, used 109305K [0x00000000e0980000, 0x00000000edc00000, 0x0000000100000000)
  eden space 126464K, 86% used [0x00000000e0980000,0x00000000e743e6a8,0x00000000e8500000)
  from space 30208K, 0% used [0x00000000e8500000,0x00000000e8500000,0x00000000ea280000)
  to   space 28672K, 0% used [0x00000000ec000000,0x00000000ec000000,0x00000000edc00000)
 ParOldGen       total 79872K, used 59835K [0x00000000a1c00000, 0x00000000a6a00000, 0x00000000e0980000)
  object space 79872K, 74% used [0x00000000a1c00000,0x00000000a566ed20,0x00000000a6a00000)
 Metaspace       used 65367K, capacity 66890K, committed 67120K, reserved 1107968K
  class space    used 7629K, capacity 7982K, committed 7984K, reserved 1048576K
GC Heap History (10 events):
Event: 3.485 GC heap before
{Heap before GC invocations=10 (full 2):
 PSYoungGen      total 82944K, used 66560K [0x00000000e0980000, 0x00000000e9500000, 0x0000000100000000)
  eden space 66560K, 100% used [0x00000000e0980000,0x00000000e4a80000,0x00000000e4a80000)
  from space 16384K, 0% used [0x00000000e4a80000,0x00000000e4a80000,0x00000000e5a80000)
  to   space 15872K, 0% used [0x00000000e8580000,0x00000000e8580000,0x00000000e9500000)
 ParOldGen       total 79872K, used 17318K [0x00000000a1c00000, 0x00000000a6a00000, 0x00000000e0980000)
  object space 79872K, 21% used [0x00000000a1c00000,0x00000000a2ce9b50,0x00000000a6a00000)
 Metaspace       used 40947K, capacity 41710K, committed 41904K, reserved 1085440K
  class space    used 5109K, capacity 5282K, committed 5296K, reserved 1048576K
Event: 3.494 GC heap after
Heap after GC invocations=10 (full 2):
 PSYoungGen      total 116736K, used 14023K [0x00000000e0980000, 0x00000000e9380000, 0x0000000100000000)
  eden space 102400K, 0% used [0x00000000e0980000,0x00000000e0980000,0x00000000e6d80000)
  from space 14336K, 97% used [0x00000000e8580000,0x00000000e9331db8,0x00000000e9380000)
  to   space 16896K, 0% used [0x00000000e7280000,0x00000000e7280000,0x00000000e8300000)
 ParOldGen       total 79872K, used 17326K [0x00000000a1c00000, 0x00000000a6a00000, 0x00000000e0980000)
  object space 79872K, 21% used [0x00000000a1c00000,0x00000000a2cebb50,0x00000000a6a00000)
 Metaspace       used 40947K, capacity 41710K, committed 41904K, reserved 1085440K
  class space    used 5109K, capacity 5282K, committed 5296K, reserved 1048576K
}
Event: 4.734 GC heap before
{Heap before GC invocations=11 (full 2):
 PSYoungGen      total 116736K, used 116423K [0x00000000e0980000, 0x00000000e9380000, 0x0000000100000000)
  eden space 102400K, 100% used [0x00000000e0980000,0x00000000e6d80000,0x00000000e6d80000)
  from space 14336K, 97% used [0x00000000e8580000,0x00000000e9331db8,0x00000000e9380000)
  to   space 16896K, 0% used [0x00000000e7280000,0x00000000e7280000,0x00000000e8300000)
 ParOldGen       total 79872K, used 17326K [0x00000000a1c00000, 0x00000000a6a00000, 0x00000000e0980000)
  object space 79872K, 21% used [0x00000000a1c00000,0x00000000a2cebb50,0x00000000a6a00000)
 Metaspace       used 47460K, capacity 48402K, committed 48688K, reserved 1091584K
  class space    used 5879K, capacity 6122K, committed 6192K, reserved 1048576K
Event: 4.752 GC heap after
Heap after GC invocations=11 (full 2):
 PSYoungGen      total 124416K, used 16873K [0x00000000e0980000, 0x00000000eb980000, 0x0000000100000000)
  eden space 107520K, 0% used [0x00000000e0980000,0x00000000e0980000,0x00000000e7280000)
  from space 16896K, 99% used [0x00000000e7280000,0x00000000e82fa620,0x00000000e8300000)
  to   space 23552K, 0% used [0x00000000ea280000,0x00000000ea280000,0x00000000eb980000)
 ParOldGen       total 79872K, used 28681K [0x00000000a1c00000, 0x00000000a6a00000, 0x00000000e0980000)
  object space 79872K, 35% used [0x00000000a1c00000,0x00000000a3802408,0x00000000a6a00000)
 Metaspace       used 47460K, capacity 48402K, committed 48688K, reserved 1091584K
  class space    used 5879K, capacity 6122K, committed 6192K, reserved 1048576K
}
Event: 6.922 GC heap before
{Heap before GC invocations=12 (full 2):
 PSYoungGen      total 124416K, used 124393K [0x00000000e0980000, 0x00000000eb980000, 0x0000000100000000)
  eden space 107520K, 100% used [0x00000000e0980000,0x00000000e7280000,0x00000000e7280000)
  from space 16896K, 99% used [0x00000000e7280000,0x00000000e82fa620,0x00000000e8300000)
  to   space 23552K, 0% used [0x00000000ea280000,0x00000000ea280000,0x00000000eb980000)
 ParOldGen       total 79872K, used 28681K [0x00000000a1c00000, 0x00000000a6a00000, 0x00000000e0980000)
  object space 79872K, 35% used [0x00000000a1c00000,0x00000000a3802408,0x00000000a6a00000)
 Metaspace       used 54950K, capacity 56080K, committed 56240K, reserved 1097728K
  class space    used 6750K, capacity 7033K, committed 7088K, reserved 1048576K
Event: 6.947 GC heap after
Heap after GC invocations=12 (full 2):
 PSYoungGen      total 150016K, used 23540K [0x00000000e0980000, 0x00000000eca80000, 0x0000000100000000)
  eden space 126464K, 0% used [0x00000000e0980000,0x00000000e0980000,0x00000000e8500000)
  from space 23552K, 99% used [0x00000000ea280000,0x00000000eb97d1a8,0x00000000eb980000)
  to   space 30208K, 0% used [0x00000000e8500000,0x00000000e8500000,0x00000000ea280000)
 ParOldGen       total 79872K, used 37741K [0x00000000a1c00000, 0x00000000a6a00000, 0x00000000e0980000)
  object space 79872K, 47% used [0x00000000a1c00000,0x00000000a40db608,0x00000000a6a00000)
 Metaspace       used 54950K, capacity 56080K, committed 56240K, reserved 1097728K
  class space    used 6750K, capacity 7033K, committed 7088K, reserved 1048576K
}
Event: 8.895 GC heap before
{Heap before GC invocations=13 (full 2):
 PSYoungGen      total 150016K, used 136331K [0x00000000e0980000, 0x00000000eca80000, 0x0000000100000000)
  eden space 126464K, 89% used [0x00000000e0980000,0x00000000e77a5df0,0x00000000e8500000)
  from space 23552K, 99% used [0x00000000ea280000,0x00000000eb97d1a8,0x00000000eb980000)
  to   space 30208K, 0% used [0x00000000e8500000,0x00000000e8500000,0x00000000ea280000)
 ParOldGen       total 79872K, used 37741K [0x00000000a1c00000, 0x00000000a6a00000, 0x00000000e0980000)
  object space 79872K, 47% used [0x00000000a1c00000,0x00000000a40db608,0x00000000a6a00000)
 Metaspace       used 57854K, capacity 59010K, committed 59160K, reserved 1101824K
  class space    used 6987K, capacity 7286K, committed 7344K, reserved 1048576K
Event: 8.914 GC heap after
Heap after GC invocations=13 (full 2):
 PSYoungGen      total 156672K, used 12747K [0x00000000e0980000, 0x00000000edc00000, 0x0000000100000000)
  eden space 126464K, 0% used [0x00000000e0980000,0x00000000e0980000,0x00000000e8500000)
  from space 30208K, 42% used [0x00000000e8500000,0x00000000e9172f60,0x00000000ea280000)
  to   space 28672K, 0% used [0x00000000ec000000,0x00000000ec000000,0x00000000edc00000)
 ParOldGen       total 79872K, used 57601K [0x00000000a1c00000, 0x00000000a6a00000, 0x00000000e0980000)
  object space 79872K, 72% used [0x00000000a1c00000,0x00000000a5440690,0x00000000a6a00000)
 Metaspace       used 57854K, capacity 59010K, committed 59160K, reserved 1101824K
  class space    used 6987K, capacity 7286K, committed 7344K, reserved 1048576K
}
Event: 8.914 GC heap before
{Heap before GC invocations=14 (full 3):
 PSYoungGen      total 156672K, used 12747K [0x00000000e0980000, 0x00000000edc00000, 0x0000000100000000)
  eden space 126464K, 0% used [0x00000000e0980000,0x00000000e0980000,0x00000000e8500000)
  from space 30208K, 42% used [0x00000000e8500000,0x00000000e9172f60,0x00000000ea280000)
  to   space 28672K, 0% used [0x00000000ec000000,0x00000000ec000000,0x00000000edc00000)
 ParOldGen       total 79872K, used 57601K [0x00000000a1c00000, 0x00000000a6a00000, 0x00000000e0980000)
  object space 79872K, 72% used [0x00000000a1c00000,0x00000000a5440690,0x00000000a6a00000)
 Metaspace       used 57854K, capacity 59010K, committed 59160K, reserved 1101824K
  class space    used 6987K, capacity 7286K, committed 7344K, reserved 1048576K
Event: 9.246 GC heap after
Heap after GC invocations=14 (full 3):
 PSYoungGen      total 156672K, used 0K [0x00000000e0980000, 0x00000000edc00000, 0x0000000100000000)
  eden space 126464K, 0% used [0x00000000e0980000,0x00000000e0980000,0x00000000e8500000)
  from space 30208K, 0% used [0x00000000e8500000,0x00000000e8500000,0x00000000ea280000)
  to   space 28672K, 0% used [0x00000000ec000000,0x00000000ec000000,0x00000000edc00000)
 ParOldGen       total 79872K, used 59835K [0x00000000a1c00000, 0x00000000a6a00000, 0x00000000e0980000)
  object space 79872K, 74% used [0x00000000a1c00000,0x00000000a566ed20,0x00000000a6a00000)
 Metaspace       used 57854K, capacity 59010K, committed 59160K, reserved 1101824K
  class space    used 6987K, capacity 7286K, committed 7344K, reserved 1048576K
}

