# JRE version: OpenJDK Runtime Environment (8.0_242-b01) (build 1.8.0_242-release-1644-b01)
# Java VM: OpenJDK 64-Bit Server VM (25.242-b01 mixed mode windows-amd64 compressed oops)
Heap:
 PSYoungGen      total 386048K, used 187364K [0x00000000d5580000, 0x00000000efc00000, 0x0000000100000000)
  eden space 339456K, 47% used [0x00000000d5580000,0x00000000df39ff40,0x00000000ea100000)
  from space 46592K, 54% used [0x00000000ece80000,0x00000000ee75b3a0,0x00000000efc00000)
  to   space 46592K, 0% used [0x00000000ea100000,0x00000000ea100000,0x00000000ece80000)
 ParOldGen       total 213504K, used 86823K [0x0000000080000000, 0x000000008d080000, 0x00000000d5580000)
  object space 213504K, 40% used [0x0000000080000000,0x00000000854c9ea0,0x000000008d080000)
 Metaspace       used 97613K, capacity 102076K, committed 102680K, reserved 1138688K
  class space    used 12481K, capacity 13402K, committed 13608K, reserved 1048576K
GC Heap History (10 events):
Event: 1119.571 GC heap before
{Heap before GC invocations=18 (full 3):
 PSYoungGen      total 292864K, used 287486K [0x00000000d5580000, 0x00000000ea980000, 0x0000000100000000)
  eden space 260608K, 100% used [0x00000000d5580000,0x00000000e5400000,0x00000000e5400000)
  from space 32256K, 83% used [0x00000000e7680000,0x00000000e90bf800,0x00000000e9600000)
  to   space 35328K, 0% used [0x00000000e5400000,0x00000000e5400000,0x00000000e7680000)
 ParOldGen       total 120832K, used 49204K [0x0000000080000000, 0x0000000087600000, 0x00000000d5580000)
  object space 120832K, 40% used [0x0000000080000000,0x000000008300d290,0x0000000087600000)
 Metaspace       used 80173K, capacity 84476K, committed 84632K, reserved 1122304K
  class space    used 10752K, capacity 11572K, committed 11688K, reserved 1048576K
Event: 1119.847 GC heap after
Heap after GC invocations=18 (full 3):
 PSYoungGen      total 295936K, used 35320K [0x00000000d5580000, 0x00000000edd00000, 0x0000000100000000)
  eden space 260608K, 0% used [0x00000000d5580000,0x00000000d5580000,0x00000000e5400000)
  from space 35328K, 99% used [0x00000000e5400000,0x00000000e767e0b0,0x00000000e7680000)
  to   space 43520K, 0% used [0x00000000eb280000,0x00000000eb280000,0x00000000edd00000)
 ParOldGen       total 120832K, used 56322K [0x0000000080000000, 0x0000000087600000, 0x00000000d5580000)
  object space 120832K, 46% used [0x0000000080000000,0x00000000837008f8,0x0000000087600000)
 Metaspace       used 80173K, capacity 84476K, committed 84632K, reserved 1122304K
  class space    used 10752K, capacity 11572K, committed 11688K, reserved 1048576K
}
Event: 1143.149 GC heap before
{Heap before GC invocations=19 (full 3):
 PSYoungGen      total 295936K, used 295928K [0x00000000d5580000, 0x00000000edd00000, 0x0000000100000000)
  eden space 260608K, 100% used [0x00000000d5580000,0x00000000e5400000,0x00000000e5400000)
  from space 35328K, 99% used [0x00000000e5400000,0x00000000e767e0b0,0x00000000e7680000)
  to   space 43520K, 0% used [0x00000000eb280000,0x00000000eb280000,0x00000000edd00000)
 ParOldGen       total 120832K, used 56322K [0x0000000080000000, 0x0000000087600000, 0x00000000d5580000)
  object space 120832K, 46% used [0x0000000080000000,0x00000000837008f8,0x0000000087600000)
 Metaspace       used 84746K, capacity 89300K, committed 89496K, reserved 1126400K
  class space    used 11322K, capacity 12186K, committed 12200K, reserved 1048576K
Event: 1143.180 GC heap after
Heap after GC invocations=19 (full 3):
 PSYoungGen      total 338944K, used 24404K [0x00000000d5580000, 0x00000000ed400000, 0x0000000100000000)
  eden space 304640K, 0% used [0x00000000d5580000,0x00000000d5580000,0x00000000e7f00000)
  from space 34304K, 71% used [0x00000000eb280000,0x00000000eca55140,0x00000000ed400000)
  to   space 43520K, 0% used [0x00000000e7f00000,0x00000000e7f00000,0x00000000ea980000)
 ParOldGen       total 120832K, used 73494K [0x0000000080000000, 0x0000000087600000, 0x00000000d5580000)
  object space 120832K, 60% used [0x0000000080000000,0x00000000847c5958,0x0000000087600000)
 Metaspace       used 84746K, capacity 89300K, committed 89496K, reserved 1126400K
  class space    used 11322K, capacity 12186K, committed 12200K, reserved 1048576K
}
Event: 1144.778 GC heap before
{Heap before GC invocations=20 (full 3):
 PSYoungGen      total 338944K, used 150569K [0x00000000d5580000, 0x00000000ed400000, 0x0000000100000000)
  eden space 304640K, 41% used [0x00000000d5580000,0x00000000dd0b5388,0x00000000e7f00000)
  from space 34304K, 71% used [0x00000000eb280000,0x00000000eca55140,0x00000000ed400000)
  to   space 43520K, 0% used [0x00000000e7f00000,0x00000000e7f00000,0x00000000ea980000)
 ParOldGen       total 120832K, used 73494K [0x0000000080000000, 0x0000000087600000, 0x00000000d5580000)
  object space 120832K, 60% used [0x0000000080000000,0x00000000847c5958,0x0000000087600000)
 Metaspace       used 93568K, capacity 98320K, committed 98584K, reserved 1134592K
  class space    used 12228K, capacity 13226K, committed 13352K, reserved 1048576K
Event: 1144.799 GC heap after
Heap after GC invocations=20 (full 3):
 PSYoungGen      total 348160K, used 34747K [0x00000000d5580000, 0x00000000efc80000, 0x0000000100000000)
  eden space 304640K, 0% used [0x00000000d5580000,0x00000000d5580000,0x00000000e7f00000)
  from space 43520K, 79% used [0x00000000e7f00000,0x00000000ea0eee40,0x00000000ea980000)
  to   space 47104K, 0% used [0x00000000ece80000,0x00000000ece80000,0x00000000efc80000)
 ParOldGen       total 120832K, used 73502K [0x0000000080000000, 0x0000000087600000, 0x00000000d5580000)
  object space 120832K, 60% used [0x0000000080000000,0x00000000847c7958,0x0000000087600000)
 Metaspace       used 93568K, capacity 98320K, committed 98584K, reserved 1134592K
  class space    used 12228K, capacity 13226K, committed 13352K, reserved 1048576K
}
Event: 1144.799 GC heap before
{Heap before GC invocations=21 (full 4):
 PSYoungGen      total 348160K, used 34747K [0x00000000d5580000, 0x00000000efc80000, 0x0000000100000000)
  eden space 304640K, 0% used [0x00000000d5580000,0x00000000d5580000,0x00000000e7f00000)
  from space 43520K, 79% used [0x00000000e7f00000,0x00000000ea0eee40,0x00000000ea980000)
  to   space 47104K, 0% used [0x00000000ece80000,0x00000000ece80000,0x00000000efc80000)
 ParOldGen       total 120832K, used 73502K [0x0000000080000000, 0x0000000087600000, 0x00000000d5580000)
  object space 120832K, 60% used [0x0000000080000000,0x00000000847c7958,0x0000000087600000)
 Metaspace       used 93568K, capacity 98320K, committed 98584K, reserved 1134592K
  class space    used 12228K, capacity 13226K, committed 13352K, reserved 1048576K
Event: 1145.163 GC heap after
Heap after GC invocations=21 (full 4):
 PSYoungGen      total 348160K, used 0K [0x00000000d5580000, 0x00000000efc80000, 0x0000000100000000)
  eden space 304640K, 0% used [0x00000000d5580000,0x00000000d5580000,0x00000000e7f00000)
  from space 43520K, 0% used [0x00000000e7f00000,0x00000000e7f00000,0x00000000ea980000)
  to   space 47104K, 0% used [0x00000000ece80000,0x00000000ece80000,0x00000000efc80000)
 ParOldGen       total 213504K, used 86815K [0x0000000080000000, 0x000000008d080000, 0x00000000d5580000)
  object space 213504K, 40% used [0x0000000080000000,0x00000000854c7ea0,0x000000008d080000)
 Metaspace       used 93210K, capacity 97306K, committed 98584K, reserved 1134592K
  class space    used 12113K, capacity 13021K, committed 13352K, reserved 1048576K
}
Event: 1196.863 GC heap before
{Heap before GC invocations=22 (full 4):
 PSYoungGen      total 348160K, used 304640K [0x00000000d5580000, 0x00000000efc80000, 0x0000000100000000)
  eden space 304640K, 100% used [0x00000000d5580000,0x00000000e7f00000,0x00000000e7f00000)
  from space 43520K, 0% used [0x00000000e7f00000,0x00000000e7f00000,0x00000000ea980000)
  to   space 47104K, 0% used [0x00000000ece80000,0x00000000ece80000,0x00000000efc80000)
 ParOldGen       total 213504K, used 86815K [0x0000000080000000, 0x000000008d080000, 0x00000000d5580000)
  object space 213504K, 40% used [0x0000000080000000,0x00000000854c7ea0,0x000000008d080000)
 Metaspace       used 96175K, capacity 100518K, committed 101400K, reserved 1136640K
  class space    used 12317K, capacity 13171K, committed 13352K, reserved 1048576K
Event: 1196.893 GC heap after
Heap after GC invocations=22 (full 4):
 PSYoungGen      total 386048K, used 25452K [0x00000000d5580000, 0x00000000efc00000, 0x0000000100000000)
  eden space 339456K, 0% used [0x00000000d5580000,0x00000000d5580000,0x00000000ea100000)
  from space 46592K, 54% used [0x00000000ece80000,0x00000000ee75b3a0,0x00000000efc00000)
  to   space 46592K, 0% used [0x00000000ea100000,0x00000000ea100000,0x00000000ece80000)
 ParOldGen       total 213504K, used 86823K [0x0000000080000000, 0x000000008d080000, 0x00000000d5580000)
  object space 213504K, 40% used [0x0000000080000000,0x00000000854c9ea0,0x000000008d080000)
 Metaspace       used 96175K, capacity 100518K, committed 101400K, reserved 1136640K
  class space    used 12317K, capacity 13171K, committed 13352K, reserved 1048576K
}

